CRITICAL - 2024-11-03 13:09:55 --> ErrorException: Undefined variable $css
[Method: GET, Route: /]
in APPPATH\Views\common\basePage.php on line 8.
 1 APPPATH\Views\common\basePage.php(8): CodeIgniter\Debug\Exceptions->errorHandler(2, 'Undefined variable $css', 'C:\\xampp\\htdocs\\eventio\\app\\Views\\common\\basePage.php', 8)
 2 SYSTEMPATH\View\View.php(234): include('C:\\xampp\\htdocs\\eventio\\app\\Views\\common\\basePage.php')
 3 SYSTEMPATH\View\View.php(237): CodeIgniter\View\View->CodeIgniter\View\{closure}()
 4 SYSTEMPATH\Common.php(1171): CodeIgniter\View\View->render('common/basePage', [], true)
 5 APPPATH\Controllers\Home.php(18): view('common/basePage', [...])
 6 SYSTEMPATH\CodeIgniter.php(933): App\Controllers\Home->index()
 7 SYSTEMPATH\CodeIgniter.php(509): CodeIgniter\CodeIgniter->runController(Object(App\Controllers\Home))
 8 SYSTEMPATH\CodeIgniter.php(355): CodeIgniter\CodeIgniter->handleRequest(null, Object(Config\Cache), false)
 9 SYSTEMPATH\Boot.php(325): CodeIgniter\CodeIgniter->run()
10 SYSTEMPATH\Boot.php(67): CodeIgniter\Boot::runCodeIgniter(Object(CodeIgniter\CodeIgniter))
11 FCPATH\index.php(56): CodeIgniter\Boot::bootWeb(Object(Config\Paths))
CRITICAL - 2024-11-03 13:09:58 --> ErrorException: Undefined variable $css
[Method: GET, Route: /]
in APPPATH\Views\common\basePage.php on line 8.
 1 APPPATH\Views\common\basePage.php(8): CodeIgniter\Debug\Exceptions->errorHandler(2, 'Undefined variable $css', 'C:\\xampp\\htdocs\\eventio\\app\\Views\\common\\basePage.php', 8)
 2 SYSTEMPATH\View\View.php(234): include('C:\\xampp\\htdocs\\eventio\\app\\Views\\common\\basePage.php')
 3 SYSTEMPATH\View\View.php(237): CodeIgniter\View\View->CodeIgniter\View\{closure}()
 4 SYSTEMPATH\Common.php(1171): CodeIgniter\View\View->render('common/basePage', [], true)
 5 APPPATH\Controllers\Home.php(18): view('common/basePage', [...])
 6 SYSTEMPATH\CodeIgniter.php(933): App\Controllers\Home->index()
 7 SYSTEMPATH\CodeIgniter.php(509): CodeIgniter\CodeIgniter->runController(Object(App\Controllers\Home))
 8 SYSTEMPATH\CodeIgniter.php(355): CodeIgniter\CodeIgniter->handleRequest(null, Object(Config\Cache), false)
 9 SYSTEMPATH\Boot.php(325): CodeIgniter\CodeIgniter->run()
10 SYSTEMPATH\Boot.php(67): CodeIgniter\Boot::runCodeIgniter(Object(CodeIgniter\CodeIgniter))
11 FCPATH\index.php(56): CodeIgniter\Boot::bootWeb(Object(Config\Paths))
CRITICAL - 2024-11-03 13:09:58 --> ErrorException: Undefined variable $css
[Method: GET, Route: /]
in APPPATH\Views\common\basePage.php on line 8.
 1 APPPATH\Views\common\basePage.php(8): CodeIgniter\Debug\Exceptions->errorHandler(2, 'Undefined variable $css', 'C:\\xampp\\htdocs\\eventio\\app\\Views\\common\\basePage.php', 8)
 2 SYSTEMPATH\View\View.php(234): include('C:\\xampp\\htdocs\\eventio\\app\\Views\\common\\basePage.php')
 3 SYSTEMPATH\View\View.php(237): CodeIgniter\View\View->CodeIgniter\View\{closure}()
 4 SYSTEMPATH\Common.php(1171): CodeIgniter\View\View->render('common/basePage', [], true)
 5 APPPATH\Controllers\Home.php(18): view('common/basePage', [...])
 6 SYSTEMPATH\CodeIgniter.php(933): App\Controllers\Home->index()
 7 SYSTEMPATH\CodeIgniter.php(509): CodeIgniter\CodeIgniter->runController(Object(App\Controllers\Home))
 8 SYSTEMPATH\CodeIgniter.php(355): CodeIgniter\CodeIgniter->handleRequest(null, Object(Config\Cache), false)
 9 SYSTEMPATH\Boot.php(325): CodeIgniter\CodeIgniter->run()
10 SYSTEMPATH\Boot.php(67): CodeIgniter\Boot::runCodeIgniter(Object(CodeIgniter\CodeIgniter))
11 FCPATH\index.php(56): CodeIgniter\Boot::bootWeb(Object(Config\Paths))
CRITICAL - 2024-11-03 13:10:13 --> ErrorException: Undefined variable $css
[Method: GET, Route: /]
in APPPATH\Views\common\basePage.php on line 8.
 1 APPPATH\Views\common\basePage.php(8): CodeIgniter\Debug\Exceptions->errorHandler(2, 'Undefined variable $css', 'C:\\xampp\\htdocs\\eventio\\app\\Views\\common\\basePage.php', 8)
 2 SYSTEMPATH\View\View.php(234): include('C:\\xampp\\htdocs\\eventio\\app\\Views\\common\\basePage.php')
 3 SYSTEMPATH\View\View.php(237): CodeIgniter\View\View->CodeIgniter\View\{closure}()
 4 SYSTEMPATH\Common.php(1171): CodeIgniter\View\View->render('common/basePage', [], true)
 5 APPPATH\Controllers\Home.php(18): view('common/basePage', [...])
 6 SYSTEMPATH\CodeIgniter.php(933): App\Controllers\Home->index()
 7 SYSTEMPATH\CodeIgniter.php(509): CodeIgniter\CodeIgniter->runController(Object(App\Controllers\Home))
 8 SYSTEMPATH\CodeIgniter.php(355): CodeIgniter\CodeIgniter->handleRequest(null, Object(Config\Cache), false)
 9 SYSTEMPATH\Boot.php(325): CodeIgniter\CodeIgniter->run()
10 SYSTEMPATH\Boot.php(67): CodeIgniter\Boot::runCodeIgniter(Object(CodeIgniter\CodeIgniter))
11 FCPATH\index.php(56): CodeIgniter\Boot::bootWeb(Object(Config\Paths))
CRITICAL - 2024-11-03 13:10:14 --> ErrorException: Undefined variable $css
[Method: GET, Route: /]
in APPPATH\Views\common\basePage.php on line 8.
 1 APPPATH\Views\common\basePage.php(8): CodeIgniter\Debug\Exceptions->errorHandler(2, 'Undefined variable $css', 'C:\\xampp\\htdocs\\eventio\\app\\Views\\common\\basePage.php', 8)
 2 SYSTEMPATH\View\View.php(234): include('C:\\xampp\\htdocs\\eventio\\app\\Views\\common\\basePage.php')
 3 SYSTEMPATH\View\View.php(237): CodeIgniter\View\View->CodeIgniter\View\{closure}()
 4 SYSTEMPATH\Common.php(1171): CodeIgniter\View\View->render('common/basePage', [], true)
 5 APPPATH\Controllers\Home.php(18): view('common/basePage', [...])
 6 SYSTEMPATH\CodeIgniter.php(933): App\Controllers\Home->index()
 7 SYSTEMPATH\CodeIgniter.php(509): CodeIgniter\CodeIgniter->runController(Object(App\Controllers\Home))
 8 SYSTEMPATH\CodeIgniter.php(355): CodeIgniter\CodeIgniter->handleRequest(null, Object(Config\Cache), false)
 9 SYSTEMPATH\Boot.php(325): CodeIgniter\CodeIgniter->run()
10 SYSTEMPATH\Boot.php(67): CodeIgniter\Boot::runCodeIgniter(Object(CodeIgniter\CodeIgniter))
11 FCPATH\index.php(56): CodeIgniter\Boot::bootWeb(Object(Config\Paths))
CRITICAL - 2024-11-03 13:10:14 --> ErrorException: Undefined variable $css
[Method: GET, Route: /]
in APPPATH\Views\common\basePage.php on line 8.
 1 APPPATH\Views\common\basePage.php(8): CodeIgniter\Debug\Exceptions->errorHandler(2, 'Undefined variable $css', 'C:\\xampp\\htdocs\\eventio\\app\\Views\\common\\basePage.php', 8)
 2 SYSTEMPATH\View\View.php(234): include('C:\\xampp\\htdocs\\eventio\\app\\Views\\common\\basePage.php')
 3 SYSTEMPATH\View\View.php(237): CodeIgniter\View\View->CodeIgniter\View\{closure}()
 4 SYSTEMPATH\Common.php(1171): CodeIgniter\View\View->render('common/basePage', [], true)
 5 APPPATH\Controllers\Home.php(18): view('common/basePage', [...])
 6 SYSTEMPATH\CodeIgniter.php(933): App\Controllers\Home->index()
 7 SYSTEMPATH\CodeIgniter.php(509): CodeIgniter\CodeIgniter->runController(Object(App\Controllers\Home))
 8 SYSTEMPATH\CodeIgniter.php(355): CodeIgniter\CodeIgniter->handleRequest(null, Object(Config\Cache), false)
 9 SYSTEMPATH\Boot.php(325): CodeIgniter\CodeIgniter->run()
10 SYSTEMPATH\Boot.php(67): CodeIgniter\Boot::runCodeIgniter(Object(CodeIgniter\CodeIgniter))
11 FCPATH\index.php(56): CodeIgniter\Boot::bootWeb(Object(Config\Paths))
CRITICAL - 2024-11-03 13:10:14 --> ErrorException: Undefined variable $css
[Method: GET, Route: /]
in APPPATH\Views\common\basePage.php on line 8.
 1 APPPATH\Views\common\basePage.php(8): CodeIgniter\Debug\Exceptions->errorHandler(2, 'Undefined variable $css', 'C:\\xampp\\htdocs\\eventio\\app\\Views\\common\\basePage.php', 8)
 2 SYSTEMPATH\View\View.php(234): include('C:\\xampp\\htdocs\\eventio\\app\\Views\\common\\basePage.php')
 3 SYSTEMPATH\View\View.php(237): CodeIgniter\View\View->CodeIgniter\View\{closure}()
 4 SYSTEMPATH\Common.php(1171): CodeIgniter\View\View->render('common/basePage', [], true)
 5 APPPATH\Controllers\Home.php(18): view('common/basePage', [...])
 6 SYSTEMPATH\CodeIgniter.php(933): App\Controllers\Home->index()
 7 SYSTEMPATH\CodeIgniter.php(509): CodeIgniter\CodeIgniter->runController(Object(App\Controllers\Home))
 8 SYSTEMPATH\CodeIgniter.php(355): CodeIgniter\CodeIgniter->handleRequest(null, Object(Config\Cache), false)
 9 SYSTEMPATH\Boot.php(325): CodeIgniter\CodeIgniter->run()
10 SYSTEMPATH\Boot.php(67): CodeIgniter\Boot::runCodeIgniter(Object(CodeIgniter\CodeIgniter))
11 FCPATH\index.php(56): CodeIgniter\Boot::bootWeb(Object(Config\Paths))
CRITICAL - 2024-11-03 13:10:18 --> ErrorException: Undefined variable $css
[Method: GET, Route: /]
in APPPATH\Views\common\basePage.php on line 8.
 1 APPPATH\Views\common\basePage.php(8): CodeIgniter\Debug\Exceptions->errorHandler(2, 'Undefined variable $css', 'C:\\xampp\\htdocs\\eventio\\app\\Views\\common\\basePage.php', 8)
 2 SYSTEMPATH\View\View.php(234): include('C:\\xampp\\htdocs\\eventio\\app\\Views\\common\\basePage.php')
 3 SYSTEMPATH\View\View.php(237): CodeIgniter\View\View->CodeIgniter\View\{closure}()
 4 SYSTEMPATH\Common.php(1171): CodeIgniter\View\View->render('common/basePage', [], true)
 5 APPPATH\Controllers\Home.php(18): view('common/basePage', [...])
 6 SYSTEMPATH\CodeIgniter.php(933): App\Controllers\Home->index()
 7 SYSTEMPATH\CodeIgniter.php(509): CodeIgniter\CodeIgniter->runController(Object(App\Controllers\Home))
 8 SYSTEMPATH\CodeIgniter.php(355): CodeIgniter\CodeIgniter->handleRequest(null, Object(Config\Cache), false)
 9 SYSTEMPATH\Boot.php(325): CodeIgniter\CodeIgniter->run()
10 SYSTEMPATH\Boot.php(67): CodeIgniter\Boot::runCodeIgniter(Object(CodeIgniter\CodeIgniter))
11 FCPATH\index.php(56): CodeIgniter\Boot::bootWeb(Object(Config\Paths))
CRITICAL - 2024-11-03 13:10:18 --> ErrorException: Undefined variable $css
[Method: GET, Route: /]
in APPPATH\Views\common\basePage.php on line 8.
 1 APPPATH\Views\common\basePage.php(8): CodeIgniter\Debug\Exceptions->errorHandler(2, 'Undefined variable $css', 'C:\\xampp\\htdocs\\eventio\\app\\Views\\common\\basePage.php', 8)
 2 SYSTEMPATH\View\View.php(234): include('C:\\xampp\\htdocs\\eventio\\app\\Views\\common\\basePage.php')
 3 SYSTEMPATH\View\View.php(237): CodeIgniter\View\View->CodeIgniter\View\{closure}()
 4 SYSTEMPATH\Common.php(1171): CodeIgniter\View\View->render('common/basePage', [], true)
 5 APPPATH\Controllers\Home.php(18): view('common/basePage', [...])
 6 SYSTEMPATH\CodeIgniter.php(933): App\Controllers\Home->index()
 7 SYSTEMPATH\CodeIgniter.php(509): CodeIgniter\CodeIgniter->runController(Object(App\Controllers\Home))
 8 SYSTEMPATH\CodeIgniter.php(355): CodeIgniter\CodeIgniter->handleRequest(null, Object(Config\Cache), false)
 9 SYSTEMPATH\Boot.php(325): CodeIgniter\CodeIgniter->run()
10 SYSTEMPATH\Boot.php(67): CodeIgniter\Boot::runCodeIgniter(Object(CodeIgniter\CodeIgniter))
11 FCPATH\index.php(56): CodeIgniter\Boot::bootWeb(Object(Config\Paths))
CRITICAL - 2024-11-03 13:10:18 --> ErrorException: Undefined variable $css
[Method: GET, Route: /]
in APPPATH\Views\common\basePage.php on line 8.
 1 APPPATH\Views\common\basePage.php(8): CodeIgniter\Debug\Exceptions->errorHandler(2, 'Undefined variable $css', 'C:\\xampp\\htdocs\\eventio\\app\\Views\\common\\basePage.php', 8)
 2 SYSTEMPATH\View\View.php(234): include('C:\\xampp\\htdocs\\eventio\\app\\Views\\common\\basePage.php')
 3 SYSTEMPATH\View\View.php(237): CodeIgniter\View\View->CodeIgniter\View\{closure}()
 4 SYSTEMPATH\Common.php(1171): CodeIgniter\View\View->render('common/basePage', [], true)
 5 APPPATH\Controllers\Home.php(18): view('common/basePage', [...])
 6 SYSTEMPATH\CodeIgniter.php(933): App\Controllers\Home->index()
 7 SYSTEMPATH\CodeIgniter.php(509): CodeIgniter\CodeIgniter->runController(Object(App\Controllers\Home))
 8 SYSTEMPATH\CodeIgniter.php(355): CodeIgniter\CodeIgniter->handleRequest(null, Object(Config\Cache), false)
 9 SYSTEMPATH\Boot.php(325): CodeIgniter\CodeIgniter->run()
10 SYSTEMPATH\Boot.php(67): CodeIgniter\Boot::runCodeIgniter(Object(CodeIgniter\CodeIgniter))
11 FCPATH\index.php(56): CodeIgniter\Boot::bootWeb(Object(Config\Paths))
CRITICAL - 2024-11-03 13:10:36 --> ErrorException: Undefined variable $css
[Method: GET, Route: /]
in APPPATH\Views\common\basePage.php on line 8.
 1 APPPATH\Views\common\basePage.php(8): CodeIgniter\Debug\Exceptions->errorHandler(2, 'Undefined variable $css', 'C:\\xampp\\htdocs\\eventio\\app\\Views\\common\\basePage.php', 8)
 2 SYSTEMPATH\View\View.php(234): include('C:\\xampp\\htdocs\\eventio\\app\\Views\\common\\basePage.php')
 3 SYSTEMPATH\View\View.php(237): CodeIgniter\View\View->CodeIgniter\View\{closure}()
 4 SYSTEMPATH\Common.php(1171): CodeIgniter\View\View->render('common/basePage', [], true)
 5 APPPATH\Controllers\Home.php(18): view('common/basePage', [...])
 6 SYSTEMPATH\CodeIgniter.php(933): App\Controllers\Home->index()
 7 SYSTEMPATH\CodeIgniter.php(509): CodeIgniter\CodeIgniter->runController(Object(App\Controllers\Home))
 8 SYSTEMPATH\CodeIgniter.php(355): CodeIgniter\CodeIgniter->handleRequest(null, Object(Config\Cache), false)
 9 SYSTEMPATH\Boot.php(325): CodeIgniter\CodeIgniter->run()
10 SYSTEMPATH\Boot.php(67): CodeIgniter\Boot::runCodeIgniter(Object(CodeIgniter\CodeIgniter))
11 FCPATH\index.php(56): CodeIgniter\Boot::bootWeb(Object(Config\Paths))
CRITICAL - 2024-11-03 13:11:13 --> ErrorException: Undefined variable $css
[Method: GET, Route: /]
in APPPATH\Views\common\basePage.php on line 8.
 1 APPPATH\Views\common\basePage.php(8): CodeIgniter\Debug\Exceptions->errorHandler(2, 'Undefined variable $css', 'C:\\xampp\\htdocs\\eventio\\app\\Views\\common\\basePage.php', 8)
 2 SYSTEMPATH\View\View.php(234): include('C:\\xampp\\htdocs\\eventio\\app\\Views\\common\\basePage.php')
 3 SYSTEMPATH\View\View.php(237): CodeIgniter\View\View->CodeIgniter\View\{closure}()
 4 SYSTEMPATH\Common.php(1171): CodeIgniter\View\View->render('common/basePage', [], true)
 5 APPPATH\Controllers\Home.php(18): view('common/basePage', [...])
 6 SYSTEMPATH\CodeIgniter.php(933): App\Controllers\Home->index()
 7 SYSTEMPATH\CodeIgniter.php(509): CodeIgniter\CodeIgniter->runController(Object(App\Controllers\Home))
 8 SYSTEMPATH\CodeIgniter.php(355): CodeIgniter\CodeIgniter->handleRequest(null, Object(Config\Cache), false)
 9 SYSTEMPATH\Boot.php(325): CodeIgniter\CodeIgniter->run()
10 SYSTEMPATH\Boot.php(67): CodeIgniter\Boot::runCodeIgniter(Object(CodeIgniter\CodeIgniter))
11 FCPATH\index.php(56): CodeIgniter\Boot::bootWeb(Object(Config\Paths))
CRITICAL - 2024-11-03 13:11:15 --> ErrorException: Undefined variable $css
[Method: GET, Route: /]
in APPPATH\Views\common\basePage.php on line 8.
 1 APPPATH\Views\common\basePage.php(8): CodeIgniter\Debug\Exceptions->errorHandler(2, 'Undefined variable $css', 'C:\\xampp\\htdocs\\eventio\\app\\Views\\common\\basePage.php', 8)
 2 SYSTEMPATH\View\View.php(234): include('C:\\xampp\\htdocs\\eventio\\app\\Views\\common\\basePage.php')
 3 SYSTEMPATH\View\View.php(237): CodeIgniter\View\View->CodeIgniter\View\{closure}()
 4 SYSTEMPATH\Common.php(1171): CodeIgniter\View\View->render('common/basePage', [], true)
 5 APPPATH\Controllers\Home.php(18): view('common/basePage', [...])
 6 SYSTEMPATH\CodeIgniter.php(933): App\Controllers\Home->index()
 7 SYSTEMPATH\CodeIgniter.php(509): CodeIgniter\CodeIgniter->runController(Object(App\Controllers\Home))
 8 SYSTEMPATH\CodeIgniter.php(355): CodeIgniter\CodeIgniter->handleRequest(null, Object(Config\Cache), false)
 9 SYSTEMPATH\Boot.php(325): CodeIgniter\CodeIgniter->run()
10 SYSTEMPATH\Boot.php(67): CodeIgniter\Boot::runCodeIgniter(Object(CodeIgniter\CodeIgniter))
11 FCPATH\index.php(56): CodeIgniter\Boot::bootWeb(Object(Config\Paths))
CRITICAL - 2024-11-03 13:13:53 --> ErrorException: Undefined variable $css
[Method: GET, Route: /]
in APPPATH\Views\common\basePage.php on line 8.
 1 APPPATH\Views\common\basePage.php(8): CodeIgniter\Debug\Exceptions->errorHandler(2, 'Undefined variable $css', 'C:\\xampp\\htdocs\\eventio\\app\\Views\\common\\basePage.php', 8)
 2 SYSTEMPATH\View\View.php(234): include('C:\\xampp\\htdocs\\eventio\\app\\Views\\common\\basePage.php')
 3 SYSTEMPATH\View\View.php(237): CodeIgniter\View\View->CodeIgniter\View\{closure}()
 4 SYSTEMPATH\Common.php(1171): CodeIgniter\View\View->render('common/basePage', [], true)
 5 APPPATH\Controllers\Home.php(18): view('common/basePage', [...])
 6 SYSTEMPATH\CodeIgniter.php(933): App\Controllers\Home->index()
 7 SYSTEMPATH\CodeIgniter.php(509): CodeIgniter\CodeIgniter->runController(Object(App\Controllers\Home))
 8 SYSTEMPATH\CodeIgniter.php(355): CodeIgniter\CodeIgniter->handleRequest(null, Object(Config\Cache), false)
 9 SYSTEMPATH\Boot.php(325): CodeIgniter\CodeIgniter->run()
10 SYSTEMPATH\Boot.php(67): CodeIgniter\Boot::runCodeIgniter(Object(CodeIgniter\CodeIgniter))
11 FCPATH\index.php(56): CodeIgniter\Boot::bootWeb(Object(Config\Paths))
